
> my-v0-project@0.1.0 dev
> next dev

 ⚠ Port 3000 is in use, trying 3001 instead.
   ▲ Next.js 15.2.4
   - Local:        http://localhost:3001
   - Network:      http://10.64.131.217:3001

 ✓ Starting...
 ✓ Ready in 2.9s
 ○ Compiling / ...
 ⨯ ./components/asos-home.tsx
Error:   [31mx[0m You're importing a component that needs `useEffect`. This React hook only works in a client component. To fix, mark the file (or its parent) with the `"use client"` directive.
  [31m|[0m 
  [31m|[0m  Learn more: https://nextjs.org/docs/app/api-reference/directives/use-client
  [31m|[0m 
  [31m|[0m 
    ,-[[36;1;4m/app/components/asos-home.tsx[0m:8:1]
 [2m 5[0m | import { Card, CardContent } from "@/components/ui/card"
 [2m 6[0m | import { ArrowRight, TrendingUp, Clock, Star, Ship, Anchor, Users, MapPin, Eye, ShoppingBag, Heart } from "lucide-react"
 [2m 7[0m | import { AsosVesselCard } from "@/components/asos-vessel-card"
 [2m 8[0m | import { useEffect, useState } from "react"
    : [35;1m         ^^^^^^^^^[0m
 [2m 9[0m | 
 [2m10[0m | interface Vessel {
 [2m11[0m |   id: string
    `----
  [31mx[0m You're importing a component that needs `useState`. This React hook only works in a client component. To fix, mark the file (or its parent) with the `"use client"` directive.
  [31m|[0m 
  [31m|[0m  Learn more: https://nextjs.org/docs/app/api-reference/directives/use-client
  [31m|[0m 
  [31m|[0m 
    ,-[[36;1;4m/app/components/asos-home.tsx[0m:8:1]
 [2m 5[0m | import { Card, CardContent } from "@/components/ui/card"
 [2m 6[0m | import { ArrowRight, TrendingUp, Clock, Star, Ship, Anchor, Users, MapPin, Eye, ShoppingBag, Heart } from "lucide-react"
 [2m 7[0m | import { AsosVesselCard } from "@/components/asos-vessel-card"
 [2m 8[0m | import { useEffect, useState } from "react"
    : [35;1m                    ^^^^^^^^[0m
 [2m 9[0m | 
 [2m10[0m | interface Vessel {
 [2m11[0m |   id: string
    `----

Import trace for requested module:
./components/asos-home.tsx
./app/page.tsx
 ⨯ ./components/asos-home.tsx
Error:   [31mx[0m You're importing a component that needs `useEffect`. This React hook only works in a client component. To fix, mark the file (or its parent) with the `"use client"` directive.
  [31m|[0m 
  [31m|[0m  Learn more: https://nextjs.org/docs/app/api-reference/directives/use-client
  [31m|[0m 
  [31m|[0m 
    ,-[[36;1;4m/app/components/asos-home.tsx[0m:8:1]
 [2m 5[0m | import { Card, CardContent } from "@/components/ui/card"
 [2m 6[0m | import { ArrowRight, TrendingUp, Clock, Star, Ship, Anchor, Users, MapPin, Eye, ShoppingBag, Heart } from "lucide-react"
 [2m 7[0m | import { AsosVesselCard } from "@/components/asos-vessel-card"
 [2m 8[0m | import { useEffect, useState } from "react"
    : [35;1m         ^^^^^^^^^[0m
 [2m 9[0m | 
 [2m10[0m | interface Vessel {
 [2m11[0m |   id: string
    `----
  [31mx[0m You're importing a component that needs `useState`. This React hook only works in a client component. To fix, mark the file (or its parent) with the `"use client"` directive.
  [31m|[0m 
  [31m|[0m  Learn more: https://nextjs.org/docs/app/api-reference/directives/use-client
  [31m|[0m 
  [31m|[0m 
    ,-[[36;1;4m/app/components/asos-home.tsx[0m:8:1]
 [2m 5[0m | import { Card, CardContent } from "@/components/ui/card"
 [2m 6[0m | import { ArrowRight, TrendingUp, Clock, Star, Ship, Anchor, Users, MapPin, Eye, ShoppingBag, Heart } from "lucide-react"
 [2m 7[0m | import { AsosVesselCard } from "@/components/asos-vessel-card"
 [2m 8[0m | import { useEffect, useState } from "react"
    : [35;1m                    ^^^^^^^^[0m
 [2m 9[0m | 
 [2m10[0m | interface Vessel {
 [2m11[0m |   id: string
    `----

Import trace for requested module:
./components/asos-home.tsx
./app/page.tsx
 ✓ Compiled /_not-found in 2.4s (465 modules)
 ✓ Compiled in 5s (465 modules)
 ○ Compiling /_error ...
 ⨯ ./components/asos-home.tsx
Error:   [31mx[0m You're importing a component that needs `useEffect`. This React hook only works in a client component. To fix, mark the file (or its parent) with the `"use client"` directive.
  [31m|[0m 
  [31m|[0m  Learn more: https://nextjs.org/docs/app/api-reference/directives/use-client
  [31m|[0m 
  [31m|[0m 
    ,-[[36;1;4m/app/components/asos-home.tsx[0m:8:1]
 [2m 5[0m | import { Card, CardContent } from "@/components/ui/card"
 [2m 6[0m | import { ArrowRight, TrendingUp, Clock, Star, Ship, Anchor, Users, MapPin, Eye, ShoppingBag, Heart } from "lucide-react"
 [2m 7[0m | import { AsosVesselCard } from "@/components/asos-vessel-card"
 [2m 8[0m | import { useEffect, useState } from "react"
    : [35;1m         ^^^^^^^^^[0m
 [2m 9[0m | 
 [2m10[0m | interface Vessel {
 [2m11[0m |   id: string
    `----
  [31mx[0m You're importing a component that needs `useState`. This React hook only works in a client component. To fix, mark the file (or its parent) with the `"use client"` directive.
  [31m|[0m 
  [31m|[0m  Learn more: https://nextjs.org/docs/app/api-reference/directives/use-client
  [31m|[0m 
  [31m|[0m 
    ,-[[36;1;4m/app/components/asos-home.tsx[0m:8:1]
 [2m 5[0m | import { Card, CardContent } from "@/components/ui/card"
 [2m 6[0m | import { ArrowRight, TrendingUp, Clock, Star, Ship, Anchor, Users, MapPin, Eye, ShoppingBag, Heart } from "lucide-react"
 [2m 7[0m | import { AsosVesselCard } from "@/components/asos-vessel-card"
 [2m 8[0m | import { useEffect, useState } from "react"
    : [35;1m                    ^^^^^^^^[0m
 [2m 9[0m | 
 [2m10[0m | interface Vessel {
 [2m11[0m |   id: string
    `----

Import trace for requested module:
./components/asos-home.tsx
./app/page.tsx
 GET / 500 in 54878ms
 ✓ Compiled /_error in 915ms (707 modules)
 ✓ Compiled in 686ms (707 modules)
 ✓ Compiled in 745ms (707 modules)
 ✓ Compiled in 760ms (707 modules)
 ✓ Compiled in 776ms (707 modules)
 ✓ Compiled in 759ms (707 modules)
 ✓ Compiled in 626ms (707 modules)
 ✓ Compiled in 708ms (707 modules)
 ✓ Compiled in 758ms (707 modules)
 ✓ Compiled in 760ms (707 modules)
 ✓ Compiled in 957ms (707 modules)
 ✓ Compiled in 1168ms (707 modules)
 ✓ Compiled in 1048ms (707 modules)
 ✓ Compiled in 4.5s (1378 modules)
 ✓ Compiled in 754ms (722 modules)
 ✓ Compiled in 701ms (722 modules)
 ✓ Compiled in 718ms (722 modules)
 ✓ Compiled in 760ms (722 modules)
 ✓ Compiled in 916ms (722 modules)
 GET / 200 in 1544ms
 ✓ Compiled in 2.5s (722 modules)
 ✓ Compiled in 858ms (722 modules)
 ✓ Compiled in 951ms (722 modules)
 ✓ Compiled in 741ms (722 modules)
 ✓ Compiled in 568ms (722 modules)
 ✓ Compiled in 676ms (722 modules)
 ✓ Compiled in 761ms (722 modules)
 ✓ Compiled in 646ms (722 modules)
 ✓ Compiled in 603ms (722 modules)
 ✓ Compiled in 660ms (722 modules)
 ✓ Compiled in 764ms (722 modules)
 ✓ Compiled in 758ms (722 modules)
 ✓ Compiled in 707ms (722 modules)
 ✓ Compiled in 716ms (722 modules)
 ✓ Compiled in 749ms (722 modules)
 ✓ Compiled in 794ms (722 modules)
 ✓ Compiled in 743ms (722 modules)
 ✓ Compiled in 828ms (722 modules)
 ✓ Compiled in 826ms (722 modules)
 ✓ Compiled in 740ms (722 modules)
 ✓ Compiled in 1043ms (722 modules)
 ✓ Compiled in 1468ms (722 modules)
 ✓ Compiled in 803ms (722 modules)
 ✓ Compiled in 838ms (722 modules)
 ✓ Compiled in 740ms (722 modules)
 ✓ Compiled in 595ms (722 modules)
 ✓ Compiled in 519ms (722 modules)
 ✓ Compiled in 725ms (722 modules)
 ✓ Compiled in 604ms (722 modules)
 ✓ Compiled in 527ms (722 modules)
 ✓ Compiled in 704ms (722 modules)
 ✓ Compiled in 553ms (722 modules)
 ✓ Compiled in 533ms (722 modules)
 ✓ Compiled in 649ms (722 modules)
 ✓ Compiled in 591ms (722 modules)
 ✓ Compiled in 699ms (722 modules)
 ✓ Compiled in 804ms (722 modules)
 ✓ Compiled in 822ms (722 modules)
 ✓ Compiled in 666ms (722 modules)
 ✓ Compiled in 553ms (722 modules)
 ✓ Compiled in 602ms (722 modules)
 ✓ Compiled in 785ms (722 modules)
 ✓ Compiled in 1573ms (722 modules)
 ✓ Compiled in 630ms (722 modules)
 ✓ Compiled in 703ms (722 modules)
 ✓ Compiled in 729ms (722 modules)
 ✓ Compiled in 498ms (722 modules)
 ✓ Compiled in 707ms (722 modules)
 ✓ Compiled in 913ms (722 modules)
 ✓ Compiled in 556ms (722 modules)
 ✓ Compiled in 596ms (722 modules)
 ✓ Compiled in 650ms (722 modules)
 ✓ Compiled in 691ms (722 modules)
 ✓ Compiled in 509ms (722 modules)
 ✓ Compiled in 593ms (722 modules)
 ✓ Compiled in 690ms (722 modules)
 ✓ Compiled in 536ms (722 modules)
 ✓ Compiled in 591ms (722 modules)
 ✓ Compiled in 655ms (722 modules)
 ✓ Compiled in 602ms (722 modules)
 ✓ Compiled in 515ms (722 modules)
 ✓ Compiled in 667ms (722 modules)
 ✓ Compiled in 748ms (722 modules)
 ✓ Compiled in 1423ms (722 modules)
 ✓ Compiled in 933ms (722 modules)
 ✓ Compiled in 950ms (722 modules)
 ✓ Compiled in 645ms (722 modules)
 ✓ Compiled in 558ms (722 modules)
 ✓ Compiled in 605ms (722 modules)
 ✓ Compiled in 685ms (722 modules)
 ✓ Compiled in 3s (722 modules)
 ✓ Compiled in 1459ms (722 modules)
 ✓ Compiled in 865ms (722 modules)
 ✓ Compiled in 747ms (722 modules)
 ✓ Compiled in 756ms (722 modules)
 ✓ Compiled in 656ms (722 modules)
 ✓ Compiled in 580ms (722 modules)
 ✓ Compiled in 765ms (722 modules)
 ✓ Compiled in 700ms (722 modules)
 ✓ Compiled in 777ms (722 modules)
 ✓ Compiled in 943ms (722 modules)
 ✓ Compiled in 793ms (722 modules)
 ✓ Compiled in 693ms (722 modules)
 ✓ Compiled in 580ms (722 modules)
 ✓ Compiled in 503ms (722 modules)
 ✓ Compiled in 662ms (722 modules)
 ✓ Compiled in 688ms (722 modules)
 ✓ Compiled in 592ms (722 modules)
 ✓ Compiled in 553ms (722 modules)
 ✓ Compiled in 687ms (722 modules)
 ✓ Compiled in 759ms (722 modules)
 ✓ Compiled in 674ms (722 modules)
 ✓ Compiled in 1583ms (718 modules)
 ✓ Compiled in 717ms (718 modules)
 ✓ Compiled in 555ms (718 modules)
 ✓ Compiled in 656ms (718 modules)
 ✓ Compiled in 630ms (718 modules)
 ✓ Compiled in 445ms (718 modules)
 ✓ Compiled in 762ms (718 modules)
 ✓ Compiled in 601ms (718 modules)
 ✓ Compiled in 506ms (718 modules)
 ✓ Compiled in 633ms (718 modules)
 ✓ Compiled in 718ms (718 modules)
 ✓ Compiled in 582ms (718 modules)
 ✓ Compiled in 554ms (718 modules)
 ✓ Compiled in 633ms (718 modules)
 ✓ Compiled in 608ms (718 modules)
 ✓ Compiled in 539ms (718 modules)
 ✓ Compiled in 608ms (718 modules)
 ✓ Compiled in 645ms (718 modules)
 ✓ Compiled in 456ms (718 modules)
 ✓ Compiled in 590ms (718 modules)
 ✓ Compiled in 697ms (718 modules)
 ✓ Compiled in 1505ms (718 modules)
 ✓ Compiled in 652ms (718 modules)
 ✓ Compiled in 693ms (718 modules)
 ✓ Compiled in 544ms (718 modules)
 ✓ Compiled in 655ms (718 modules)
 ✓ Compiled in 544ms (718 modules)
 ✓ Compiled in 450ms (718 modules)
 ✓ Compiled in 613ms (718 modules)
 ✓ Compiled in 503ms (718 modules)
 ✓ Compiled in 567ms (718 modules)
 ✓ Compiled in 688ms (718 modules)
 ✓ Compiled in 680ms (718 modules)
 ✓ Compiled in 451ms (718 modules)
 ✓ Compiled in 592ms (718 modules)
 ✓ Compiled in 547ms (718 modules)
 ✓ Compiled in 494ms (718 modules)
 ✓ Compiled in 655ms (718 modules)
 ✓ Compiled in 499ms (718 modules)
 ✓ Compiled in 508ms (718 modules)
 ✓ Compiled in 627ms (718 modules)
 ✓ Compiled in 497ms (718 modules)
 ✓ Compiled in 1618ms (718 modules)
 ✓ Compiled in 539ms (718 modules)
 ✓ Compiled in 739ms (718 modules)
 ✓ Compiled in 999ms (718 modules)
 ✓ Compiled in 643ms (718 modules)
 ✓ Compiled in 497ms (718 modules)
 ✓ Compiled in 506ms (718 modules)
 ✓ Compiled in 641ms (718 modules)
 ✓ Compiled in 399ms (718 modules)
 ✓ Compiled in 613ms (718 modules)
 ✓ Compiled in 612ms (718 modules)
 ✓ Compiled in 487ms (718 modules)
 ✓ Compiled in 602ms (718 modules)
 ✓ Compiled in 644ms (718 modules)
 ✓ Compiled in 492ms (718 modules)
 ✓ Compiled in 507ms (718 modules)
 ✓ Compiled in 687ms (718 modules)
 ✓ Compiled in 454ms (718 modules)
 ✓ Compiled in 520ms (718 modules)
 ✓ Compiled in 566ms (718 modules)
 ✓ Compiled in 767ms (718 modules)
 GET / 200 in 1785ms
 ✓ Compiled in 1584ms (718 modules)
 ✓ Compiled in 559ms (718 modules)
 ✓ Compiled in 603ms (718 modules)
 ✓ Compiled in 674ms (718 modules)
 ✓ Compiled in 529ms (718 modules)
 ✓ Compiled in 453ms (718 modules)
 ✓ Compiled in 644ms (718 modules)
 ✓ Compiled in 495ms (718 modules)
 ✓ Compiled in 511ms (718 modules)
 ✓ Compiled in 618ms (718 modules)
 ✓ Compiled in 599ms (718 modules)
 ✓ Compiled in 502ms (718 modules)
 ✓ Compiled in 624ms (718 modules)
 ✓ Compiled in 575ms (718 modules)
 ✓ Compiled in 499ms (718 modules)
 ✓ Compiled in 672ms (718 modules)
 ✓ Compiled in 635ms (718 modules)
 ✓ Compiled in 546ms (718 modules)
 ✓ Compiled in 603ms (718 modules)
 ✓ Compiled in 688ms (718 modules)
 ✓ Compiled in 774ms (718 modules)
 ✓ Compiled in 1449ms (718 modules)
 ✓ Compiled in 659ms (718 modules)
 ✓ Compiled in 745ms (718 modules)
 ✓ Compiled in 589ms (718 modules)
 ✓ Compiled in 786ms (718 modules)
 ✓ Compiled in 631ms (718 modules)
 ✓ Compiled in 631ms (718 modules)
 ✓ Compiled in 941ms (718 modules)
 ✓ Compiled in 705ms (718 modules)
 ✓ Compiled in 507ms (718 modules)
 ✓ Compiled in 603ms (718 modules)
 ✓ Compiled in 628ms (718 modules)
 ✓ Compiled in 540ms (718 modules)
 ✓ Compiled in 541ms (718 modules)
 ✓ Compiled in 657ms (718 modules)
 ✓ Compiled in 576ms (718 modules)
 ✓ Compiled in 505ms (718 modules)
 ✓ Compiled in 648ms (718 modules)
 ✓ Compiled in 500ms (718 modules)
 ✓ Compiled in 488ms (718 modules)
 ✓ Compiled in 706ms (718 modules)
 ✓ Compiled in 1455ms (718 modules)
 ✓ Compiled in 731ms (718 modules)
 ✓ Compiled in 616ms (718 modules)
 ✓ Compiled in 977ms (718 modules)
 ✓ Compiled in 767ms (718 modules)
 ✓ Compiled in 509ms (718 modules)
 ✓ Compiled in 603ms (718 modules)
 ✓ Compiled in 535ms (718 modules)
 ✓ Compiled in 539ms (718 modules)
 ✓ Compiled in 652ms (718 modules)
 ✓ Compiled in 457ms (718 modules)
 ✓ Compiled in 521ms (718 modules)
 ✓ Compiled in 610ms (718 modules)
 ✓ Compiled in 461ms (718 modules)
 ✓ Compiled in 646ms (718 modules)
 ✓ Compiled in 630ms (718 modules)
 ✓ Compiled in 461ms (718 modules)
 ✓ Compiled in 576ms (718 modules)
 ✓ Compiled in 684ms (718 modules)
 ✓ Compiled in 506ms (718 modules)
 ✓ Compiled in 461ms (718 modules)
 ✓ Compiled in 1420ms (718 modules)
 ✓ Compiled in 734ms (718 modules)
 ✓ Compiled in 590ms (718 modules)
 ✓ Compiled in 548ms (718 modules)
 ✓ Compiled in 663ms (718 modules)
 ✓ Compiled in 489ms (718 modules)
 ✓ Compiled in 813ms (718 modules)
 ✓ Compiled in 670ms (718 modules)
 ✓ Compiled in 602ms (718 modules)
 ✓ Compiled in 573ms (718 modules)
 ✓ Compiled in 559ms (718 modules)
 ✓ Compiled in 658ms (718 modules)
 ✓ Compiled in 472ms (718 modules)
 ✓ Compiled in 578ms (718 modules)
 ✓ Compiled in 517ms (718 modules)
 ✓ Compiled in 483ms (718 modules)
 ✓ Compiled in 650ms (718 modules)
 ✓ Compiled in 458ms (718 modules)
 ✓ Compiled in 598ms (718 modules)
 ✓ Compiled in 590ms (718 modules)
 ✓ Compiled in 597ms (718 modules)
 ✓ Compiled in 1413ms (718 modules)
 ✓ Compiled in 608ms (718 modules)
 ✓ Compiled in 1010ms (718 modules)
 ✓ Compiled in 942ms (718 modules)
 ✓ Compiled in 535ms (718 modules)
 ✓ Compiled in 494ms (718 modules)
 ✓ Compiled in 601ms (718 modules)
 ✓ Compiled in 450ms (718 modules)
 ✓ Compiled in 608ms (718 modules)
 ✓ Compiled in 574ms (718 modules)
 ✓ Compiled in 505ms (718 modules)
 ✓ Compiled in 606ms (718 modules)
 ✓ Compiled in 519ms (718 modules)
 ✓ Compiled in 484ms (718 modules)
 ✓ Compiled in 705ms (718 modules)
 ✓ Compiled in 544ms (718 modules)
 ✓ Compiled in 491ms (718 modules)
 ✓ Compiled in 633ms (718 modules)
 ✓ Compiled in 564ms (718 modules)
 ✓ Compiled in 459ms (718 modules)
 ✓ Compiled in 795ms (718 modules)
 ✓ Compiled in 2s (718 modules)
 ✓ Compiled in 542ms (718 modules)
 ✓ Compiled in 661ms (718 modules)
 ✓ Compiled in 685ms (718 modules)
 ✓ Compiled in 537ms (718 modules)
 ✓ Compiled in 527ms (718 modules)
 ✓ Compiled in 668ms (718 modules)
 ✓ Compiled in 499ms (718 modules)
 ✓ Compiled in 595ms (718 modules)
 ✓ Compiled in 665ms (718 modules)
 ✓ Compiled in 550ms (718 modules)
 ✓ Compiled in 531ms (718 modules)
 ✓ Compiled in 652ms (718 modules)
 ✓ Compiled in 430ms (718 modules)
 ✓ Compiled in 565ms (718 modules)
 ✓ Compiled in 641ms (718 modules)
 ✓ Compiled in 495ms (718 modules)
 ✓ Compiled in 550ms (718 modules)
 ✓ Compiled in 634ms (718 modules)
 ✓ Compiled in 455ms (718 modules)
 ✓ Compiled in 588ms (718 modules)
 ✓ Compiled in 1450ms (718 modules)
 ✓ Compiled in 645ms (718 modules)
 ✓ Compiled in 703ms (718 modules)
 ✓ Compiled in 553ms (718 modules)
 ✓ Compiled in 492ms (718 modules)
 ✓ Compiled in 661ms (718 modules)
 ✓ Compiled in 532ms (718 modules)
 ✓ Compiled in 463ms (718 modules)
 ✓ Compiled in 870ms (718 modules)
 ✓ Compiled in 1010ms (718 modules)
 ✓ Compiled in 491ms (718 modules)
 ✓ Compiled in 584ms (718 modules)
 ✓ Compiled in 652ms (718 modules)
 ✓ Compiled in 448ms (718 modules)
 ✓ Compiled in 557ms (718 modules)
 ✓ Compiled in 644ms (718 modules)
 ✓ Compiled in 502ms (718 modules)
 ✓ Compiled in 549ms (718 modules)
 ✓ Compiled in 596ms (718 modules)
 ✓ Compiled in 445ms (718 modules)
 ✓ Compiled in 646ms (718 modules)
 ✓ Compiled in 1421ms (718 modules)
 ✓ Compiled in 735ms (718 modules)
 ✓ Compiled in 552ms (718 modules)
 ✓ Compiled in 535ms (718 modules)
 ✓ Compiled in 672ms (718 modules)
 ✓ Compiled in 553ms (718 modules)
 ✓ Compiled in 457ms (718 modules)
 ✓ Compiled in 682ms (718 modules)
 ✓ Compiled in 440ms (718 modules)
 ✓ Compiled in 597ms (718 modules)
 ✓ Compiled in 705ms (718 modules)
 ✓ Compiled in 952ms (718 modules)
 ✓ Compiled in 801ms (718 modules)
 ✓ Compiled in 466ms (718 modules)
 ✓ Compiled in 639ms (718 modules)
 ✓ Compiled in 498ms (718 modules)
 ✓ Compiled in 534ms (718 modules)
 ✓ Compiled in 650ms (718 modules)
 ✓ Compiled in 547ms (718 modules)
 ✓ Compiled in 481ms (718 modules)
 ✓ Compiled in 673ms (718 modules)
 ✓ Compiled in 1444ms (718 modules)
 ✓ Compiled in 690ms (718 modules)
 ✓ Compiled in 533ms (718 modules)
 ✓ Compiled in 600ms (718 modules)
 ✓ Compiled in 616ms (718 modules)
 ✓ Compiled in 509ms (718 modules)
 ✓ Compiled in 456ms (718 modules)
 ✓ Compiled in 804ms (718 modules)
 ✓ Compiled in 973ms (718 modules)
 ✓ Compiled in 645ms (718 modules)
 ✓ Compiled in 546ms (718 modules)
 ✓ Compiled in 651ms (718 modules)
 ✓ Compiled in 453ms (718 modules)
 ✓ Compiled in 516ms (718 modules)
 ✓ Compiled in 613ms (718 modules)
 ✓ Compiled in 458ms (718 modules)
 ✓ Compiled in 602ms (718 modules)
 ✓ Compiled in 621ms (718 modules)
 ✓ Compiled in 429ms (718 modules)
 ✓ Compiled in 617ms (718 modules)
 ✓ Compiled in 573ms (718 modules)
 ✓ Compiled in 1358ms (718 modules)
 ✓ Compiled in 650ms (718 modules)
 ✓ Compiled in 583ms (718 modules)
 ✓ Compiled in 653ms (718 modules)
 ✓ Compiled in 536ms (718 modules)
 ✓ Compiled in 479ms (718 modules)
 ✓ Compiled in 663ms (718 modules)
 ✓ Compiled in 638ms (718 modules)
 ✓ Compiled in 457ms (718 modules)
 ✓ Compiled in 664ms (718 modules)
 ✓ Compiled in 534ms (718 modules)
 ✓ Compiled in 429ms (718 modules)
 ✓ Compiled in 637ms (718 modules)
 ✓ Compiled in 439ms (718 modules)
 ✓ Compiled in 518ms (718 modules)
 ✓ Compiled in 577ms (718 modules)
 ✓ Compiled in 458ms (718 modules)
 ✓ Compiled in 601ms (718 modules)
 ✓ Compiled in 675ms (718 modules)
 ✓ Compiled in 456ms (718 modules)
 ✓ Compiled in 646ms (718 modules)
 ✓ Compiled in 1312ms (718 modules)
 ✓ Compiled in 719ms (718 modules)
 ✓ Compiled in 721ms (718 modules)
 ✓ Compiled in 591ms (718 modules)
 ✓ Compiled in 477ms (718 modules)
 ✓ Compiled in 617ms (718 modules)
 ✓ Compiled in 496ms (718 modules)
 ✓ Compiled in 486ms (718 modules)
 ✓ Compiled in 627ms (718 modules)
 ✓ Compiled in 470ms (718 modules)
 ✓ Compiled in 539ms (718 modules)
 ✓ Compiled in 644ms (718 modules)
 ✓ Compiled in 500ms (718 modules)
 ✓ Compiled in 515ms (718 modules)
 ✓ Compiled in 594ms (718 modules)
 ✓ Compiled in 468ms (718 modules)
 ✓ Compiled in 560ms (718 modules)
 ✓ Compiled in 640ms (718 modules)
 ✓ Compiled in 447ms (718 modules)
 ✓ Compiled in 563ms (718 modules)
 ✓ Compiled in 681ms (718 modules)
 ✓ Compiled in 1392ms (718 modules)
 ✓ Compiled in 652ms (718 modules)
 ✓ Compiled in 545ms (718 modules)
 ✓ Compiled in 599ms (718 modules)
 ✓ Compiled in 602ms (718 modules)
 ✓ Compiled in 410ms (718 modules)
 ✓ Compiled in 589ms (718 modules)
 ✓ Compiled in 550ms (718 modules)
 ✓ Compiled in 478ms (718 modules)
 ✓ Compiled in 693ms (718 modules)
 ✓ Compiled in 664ms (718 modules)
 ✓ Compiled in 551ms (718 modules)
 ✓ Compiled in 452ms (718 modules)
 ✓ Compiled in 619ms (718 modules)
 ✓ Compiled in 475ms (718 modules)
 ✓ Compiled in 519ms (718 modules)
 ✓ Compiled in 703ms (718 modules)
 ✓ Compiled in 550ms (718 modules)
 ✓ Compiled in 488ms (718 modules)
 ✓ Compiled in 617ms (718 modules)
 ✓ Compiled in 603ms (718 modules)
 ✓ Compiled in 1481ms (718 modules)
 ✓ Compiled in 716ms (718 modules)
 ✓ Compiled in 617ms (718 modules)
 ✓ Compiled in 477ms (718 modules)
 ✓ Compiled in 623ms (718 modules)
 ✓ Compiled in 583ms (718 modules)
 ✓ Compiled in 474ms (718 modules)
 ✓ Compiled in 631ms (718 modules)
 ✓ Compiled in 522ms (718 modules)
 ✓ Compiled in 505ms (718 modules)
 ✓ Compiled in 638ms (718 modules)
 ✓ Compiled in 490ms (718 modules)
 ✓ Compiled in 559ms (718 modules)
 ✓ Compiled in 585ms (718 modules)
 ✓ Compiled in 445ms (718 modules)
 ✓ Compiled in 597ms (718 modules)
 ✓ Compiled in 635ms (718 modules)
 ✓ Compiled in 459ms (718 modules)
 ✓ Compiled in 615ms (718 modules)
 ✓ Compiled in 600ms (718 modules)
 ✓ Compiled in 599ms (718 modules)
 ✓ Compiled in 1125ms (718 modules)
 ✓ Compiled in 627ms (718 modules)
 ✓ Compiled in 612ms (718 modules)
 ✓ Compiled in 898ms (718 modules)
 ✓ Compiled in 955ms (718 modules)
 ✓ Compiled in 785ms (718 modules)
 ✓ Compiled in 893ms (718 modules)
 ✓ Compiled in 811ms (718 modules)
 ✓ Compiled in 783ms (718 modules)
 ✓ Compiled in 823ms (718 modules)
 ✓ Compiled in 649ms (718 modules)
 ✓ Compiled in 950ms (718 modules)
 ✓ Compiled in 736ms (718 modules)
 ✓ Compiled in 1098ms (718 modules)
 ✓ Compiled in 944ms (718 modules)
 ✓ Compiled in 689ms (718 modules)
 ✓ Compiled in 1097ms (718 modules)
 ✓ Compiled in 766ms (718 modules)
 ✓ Compiled in 898ms (718 modules)
