> my-v0-project@0.1.0 start
> next start

   ▲ Next.js 15.2.4
   - Local:        http://localhost:3000
   - Network:      http://10.64.130.6:3000

 ✓ Starting...
 ✓ Ready in 679ms
Fetching vessels for marketplace...
Fetching vessels from Supabase...
Using mock vessel data for demo
Fetched 6 vessels from database
First vessel: {
  "id": "1",
  "vessel_name": "Atlantic Pioneer",
  "vessel_type": "AHTS",
  "year_built": 2018,
  "length_overall": 85.5,
  "beam": 18,
  "passenger_capacity": 24,
  "location": "Gulf of Mexico",
  "status": "Active",
  "marketplace_visible": true,
  "daily_rate": 12500,
  "weekly_rate": 75000,
  "monthly_rate": 300000,
  "bollard_pull": 150,
  "dynamic_positioning": "DP-2",
  "deck_area": 450,
  "bhp": 8000,
  "description": "Modern AHTS vessel with advanced DP capabilities and excellent safety record.",
  "features": [
    "DP-2",
    "Fire Fighting",
    "Oil Recovery",
    "ROV Support"
  ],
  "created_at": "2024-01-15T08:00:00Z",
  "updated_at": "2024-01-15T08:00:00Z",
  "owner_id": "owner-1",
  "imo_number": "9876543",
  "mmsi_number": "123456789",
  "flag": "Marshall Islands",
  "gross_tonnage": 2500,
  "deadweight": 1800,
  "classification_society": "DNV",
  "shipyard": "Damen Shipyards",
  "main_image_url": null,
  "images": null
}
After filtering: 6 vessels
Fetching vessels for marketplace...
Fetching vessels from Supabase...
Using mock vessel data for demo
Fetched 6 vessels from database
First vessel: {
  "id": "1",
  "vessel_name": "Atlantic Pioneer",
  "vessel_type": "AHTS",
  "year_built": 2018,
  "length_overall": 85.5,
  "beam": 18,
  "passenger_capacity": 24,
  "location": "Gulf of Mexico",
  "status": "Active",
  "marketplace_visible": true,
  "daily_rate": 12500,
  "weekly_rate": 75000,
  "monthly_rate": 300000,
  "bollard_pull": 150,
  "dynamic_positioning": "DP-2",
  "deck_area": 450,
  "bhp": 8000,
  "description": "Modern AHTS vessel with advanced DP capabilities and excellent safety record.",
  "features": [
    "DP-2",
    "Fire Fighting",
    "Oil Recovery",
    "ROV Support"
  ],
  "created_at": "2024-01-15T08:00:00Z",
  "updated_at": "2024-01-15T08:00:00Z",
  "owner_id": "owner-1",
  "imo_number": "9876543",
  "mmsi_number": "123456789",
  "flag": "Marshall Islands",
  "gross_tonnage": 2500,
  "deadweight": 1800,
  "classification_society": "DNV",
  "shipyard": "Damen Shipyards",
  "main_image_url": null,
  "images": null
}
After filtering: 6 vessels
Fetching vessels for marketplace...
Fetching vessels from Supabase...
Using mock vessel data for demo
Fetched 6 vessels from database
First vessel: {
  "id": "1",
  "vessel_name": "Atlantic Pioneer",
  "vessel_type": "AHTS",
  "year_built": 2018,
  "length_overall": 85.5,
  "beam": 18,
  "passenger_capacity": 24,
  "location": "Gulf of Mexico",
  "status": "Active",
  "marketplace_visible": true,
  "daily_rate": 12500,
  "weekly_rate": 75000,
  "monthly_rate": 300000,
  "bollard_pull": 150,
  "dynamic_positioning": "DP-2",
  "deck_area": 450,
  "bhp": 8000,
  "description": "Modern AHTS vessel with advanced DP capabilities and excellent safety record.",
  "features": [
    "DP-2",
    "Fire Fighting",
    "Oil Recovery",
    "ROV Support"
  ],
  "created_at": "2024-01-15T08:00:00Z",
  "updated_at": "2024-01-15T08:00:00Z",
  "owner_id": "owner-1",
  "imo_number": "9876543",
  "mmsi_number": "123456789",
  "flag": "Marshall Islands",
  "gross_tonnage": 2500,
  "deadweight": 1800,
  "classification_society": "DNV",
  "shipyard": "Damen Shipyards",
  "main_image_url": null,
  "images": null
}
After filtering: 6 vessels
Fetching vessels for marketplace...
Fetching vessels from Supabase...
Using mock vessel data for demo
Fetched 6 vessels from database
First vessel: {
  "id": "1",
  "vessel_name": "Atlantic Pioneer",
  "vessel_type": "AHTS",
  "year_built": 2018,
  "length_overall": 85.5,
  "beam": 18,
  "passenger_capacity": 24,
  "location": "Gulf of Mexico",
  "status": "Active",
  "marketplace_visible": true,
  "daily_rate": 12500,
  "weekly_rate": 75000,
  "monthly_rate": 300000,
  "bollard_pull": 150,
  "dynamic_positioning": "DP-2",
  "deck_area": 450,
  "bhp": 8000,
  "description": "Modern AHTS vessel with advanced DP capabilities and excellent safety record.",
  "features": [
    "DP-2",
    "Fire Fighting",
    "Oil Recovery",
    "ROV Support"
  ],
  "created_at": "2024-01-15T08:00:00Z",
  "updated_at": "2024-01-15T08:00:00Z",
  "owner_id": "owner-1",
  "imo_number": "9876543",
  "mmsi_number": "123456789",
  "flag": "Marshall Islands",
  "gross_tonnage": 2500,
  "deadweight": 1800,
  "classification_society": "DNV",
  "shipyard": "Damen Shipyards",
  "main_image_url": null,
  "images": null
}
After filtering: 6 vessels
Fetching vessels for marketplace...
Fetching vessels from Supabase...
Using mock vessel data for demo
Fetched 6 vessels from database
First vessel: {
  "id": "1",
  "vessel_name": "Atlantic Pioneer",
  "vessel_type": "AHTS",
  "year_built": 2018,
  "length_overall": 85.5,
  "beam": 18,
  "passenger_capacity": 24,
  "location": "Gulf of Mexico",
  "status": "Active",
  "marketplace_visible": true,
  "daily_rate": 12500,
  "weekly_rate": 75000,
  "monthly_rate": 300000,
  "bollard_pull": 150,
  "dynamic_positioning": "DP-2",
  "deck_area": 450,
  "bhp": 8000,
  "description": "Modern AHTS vessel with advanced DP capabilities and excellent safety record.",
  "features": [
    "DP-2",
    "Fire Fighting",
    "Oil Recovery",
    "ROV Support"
  ],
  "created_at": "2024-01-15T08:00:00Z",
  "updated_at": "2024-01-15T08:00:00Z",
  "owner_id": "owner-1",
  "imo_number": "9876543",
  "mmsi_number": "123456789",
  "flag": "Marshall Islands",
  "gross_tonnage": 2500,
  "deadweight": 1800,
  "classification_society": "DNV",
  "shipyard": "Damen Shipyards",
  "main_image_url": null,
  "images": null
}
After filtering: 6 vessels
Fetching vessels for marketplace...
Fetching vessels from Supabase...
Using mock vessel data for demo
Fetched 6 vessels from database
First vessel: {
  "id": "1",
  "vessel_name": "Atlantic Pioneer",
  "vessel_type": "AHTS",
  "year_built": 2018,
  "length_overall": 85.5,
  "beam": 18,
  "passenger_capacity": 24,
  "location": "Gulf of Mexico",
  "status": "Active",
  "marketplace_visible": true,
  "daily_rate": 12500,
  "weekly_rate": 75000,
  "monthly_rate": 300000,
  "bollard_pull": 150,
  "dynamic_positioning": "DP-2",
  "deck_area": 450,
  "bhp": 8000,
  "description": "Modern AHTS vessel with advanced DP capabilities and excellent safety record.",
  "features": [
    "DP-2",
    "Fire Fighting",
    "Oil Recovery",
    "ROV Support"
  ],
  "created_at": "2024-01-15T08:00:00Z",
  "updated_at": "2024-01-15T08:00:00Z",
  "owner_id": "owner-1",
  "imo_number": "9876543",
  "mmsi_number": "123456789",
  "flag": "Marshall Islands",
  "gross_tonnage": 2500,
  "deadweight": 1800,
  "classification_society": "DNV",
  "shipyard": "Damen Shipyards",
  "main_image_url": null,
  "images": null
}
After filtering: 6 vessels
Fetching vessels for marketplace...
Fetching vessels from Supabase...
Using mock vessel data for demo
Fetched 6 vessels from database
First vessel: {
  "id": "1",
  "vessel_name": "Atlantic Pioneer",
  "vessel_type": "AHTS",
  "year_built": 2018,
  "length_overall": 85.5,
  "beam": 18,
  "passenger_capacity": 24,
  "location": "Gulf of Mexico",
  "status": "Active",
  "marketplace_visible": true,
  "daily_rate": 12500,
  "weekly_rate": 75000,
  "monthly_rate": 300000,
  "bollard_pull": 150,
  "dynamic_positioning": "DP-2",
  "deck_area": 450,
  "bhp": 8000,
  "description": "Modern AHTS vessel with advanced DP capabilities and excellent safety record.",
  "features": [
    "DP-2",
    "Fire Fighting",
    "Oil Recovery",
    "ROV Support"
  ],
  "created_at": "2024-01-15T08:00:00Z",
  "updated_at": "2024-01-15T08:00:00Z",
  "owner_id": "owner-1",
  "imo_number": "9876543",
  "mmsi_number": "123456789",
  "flag": "Marshall Islands",
  "gross_tonnage": 2500,
  "deadweight": 1800,
  "classification_society": "DNV",
  "shipyard": "Damen Shipyards",
  "main_image_url": null,
  "images": null
}
After filtering: 6 vessels
Fetching vessels for marketplace...
Fetching vessels from Supabase...
Using mock vessel data for demo
Fetched 6 vessels from database
First vessel: {
  "id": "1",
  "vessel_name": "Atlantic Pioneer",
  "vessel_type": "AHTS",
  "year_built": 2018,
  "length_overall": 85.5,
  "beam": 18,
  "passenger_capacity": 24,
  "location": "Gulf of Mexico",
  "status": "Active",
  "marketplace_visible": true,
  "daily_rate": 12500,
  "weekly_rate": 75000,
  "monthly_rate": 300000,
  "bollard_pull": 150,
  "dynamic_positioning": "DP-2",
  "deck_area": 450,
  "bhp": 8000,
  "description": "Modern AHTS vessel with advanced DP capabilities and excellent safety record.",
  "features": [
    "DP-2",
    "Fire Fighting",
    "Oil Recovery",
    "ROV Support"
  ],
  "created_at": "2024-01-15T08:00:00Z",
  "updated_at": "2024-01-15T08:00:00Z",
  "owner_id": "owner-1",
  "imo_number": "9876543",
  "mmsi_number": "123456789",
  "flag": "Marshall Islands",
  "gross_tonnage": 2500,
  "deadweight": 1800,
  "classification_society": "DNV",
  "shipyard": "Damen Shipyards",
  "main_image_url": null,
  "images": null
}
After filtering: 6 vessels
Fetching vessels for marketplace...
Fetching vessels from Supabase...
Using mock vessel data for demo
Fetched 6 vessels from database
First vessel: {
  "id": "1",
  "vessel_name": "Atlantic Pioneer",
  "vessel_type": "AHTS",
  "year_built": 2018,
  "length_overall": 85.5,
  "beam": 18,
  "passenger_capacity": 24,
  "location": "Gulf of Mexico",
  "status": "Active",
  "marketplace_visible": true,
  "daily_rate": 12500,
  "weekly_rate": 75000,
  "monthly_rate": 300000,
  "bollard_pull": 150,
  "dynamic_positioning": "DP-2",
  "deck_area": 450,
  "bhp": 8000,
  "description": "Modern AHTS vessel with advanced DP capabilities and excellent safety record.",
  "features": [
    "DP-2",
    "Fire Fighting",
    "Oil Recovery",
    "ROV Support"
  ],
  "created_at": "2024-01-15T08:00:00Z",
  "updated_at": "2024-01-15T08:00:00Z",
  "owner_id": "owner-1",
  "imo_number": "9876543",
  "mmsi_number": "123456789",
  "flag": "Marshall Islands",
  "gross_tonnage": 2500,
  "deadweight": 1800,
  "classification_society": "DNV",
  "shipyard": "Damen Shipyards",
  "main_image_url": null,
  "images": null
}
After filtering: 6 vessels
Missing or demo Supabase environment variables - using mock data
Missing or demo Supabase environment variables - using mock data
Error fetching vessel: {
  message: 'TypeError: fetch failed',
  details: 'TypeError: fetch failed\n' +
    '    at node:internal/deps/undici/undici:13510:13\n' +
    '    at process.processTicksAndRejections (node:internal/process/task_queues:95:5)',
  hint: '',
  code: ''
}
Error fetching vessel: {
  message: 'TypeError: fetch failed',
  details: 'TypeError: fetch failed\n' +
    '    at node:internal/deps/undici/undici:13510:13\n' +
    '    at process.processTicksAndRejections (node:internal/process/task_queues:95:5)',
  hint: '',
  code: ''
}
Error in VesselDetailPage: Error: NEXT_HTTP_ERROR_FALLBACK;404
    at n (.next/server/app/dashboard/bookings/page.js:1:6677)
    at R (.next/server/app/marketplace/[id]/page.js:16:82183) {
  digest: 'NEXT_HTTP_ERROR_FALLBACK;404'
}
Fetching vessels for marketplace...
Fetching vessels from Supabase...
Using mock vessel data for demo
Fetched 6 vessels from database
First vessel: {
  "id": "1",
  "vessel_name": "Atlantic Pioneer",
  "vessel_type": "AHTS",
  "year_built": 2018,
  "length_overall": 85.5,
  "beam": 18,
  "passenger_capacity": 24,
  "location": "Gulf of Mexico",
  "status": "Active",
  "marketplace_visible": true,
  "daily_rate": 12500,
  "weekly_rate": 75000,
  "monthly_rate": 300000,
  "bollard_pull": 150,
  "dynamic_positioning": "DP-2",
  "deck_area": 450,
  "bhp": 8000,
  "description": "Modern AHTS vessel with advanced DP capabilities and excellent safety record.",
  "features": [
    "DP-2",
    "Fire Fighting",
    "Oil Recovery",
    "ROV Support"
  ],
  "created_at": "2024-01-15T08:00:00Z",
  "updated_at": "2024-01-15T08:00:00Z",
  "owner_id": "owner-1",
  "imo_number": "9876543",
  "mmsi_number": "123456789",
  "flag": "Marshall Islands",
  "gross_tonnage": 2500,
  "deadweight": 1800,
  "classification_society": "DNV",
  "shipyard": "Damen Shipyards",
  "main_image_url": null,
  "images": null
}
After filtering: 6 vessels
Missing or demo Supabase environment variables - using mock data
Missing or demo Supabase environment variables - using mock data
Error fetching vessel: {
  message: 'TypeError: fetch failed',
  details: 'TypeError: fetch failed\n' +
    '    at node:internal/deps/undici/undici:13510:13\n' +
    '    at process.processTicksAndRejections (node:internal/process/task_queues:95:5)',
  hint: '',
  code: ''
}
Error fetching vessel: {
  message: 'TypeError: fetch failed',
  details: 'TypeError: fetch failed\n' +
    '    at node:internal/deps/undici/undici:13510:13\n' +
    '    at process.processTicksAndRejections (node:internal/process/task_queues:95:5)',
  hint: '',
  code: ''
}
Error in VesselDetailPage: Error: NEXT_HTTP_ERROR_FALLBACK;404
    at n (.next/server/app/dashboard/bookings/page.js:1:6677)
    at R (.next/server/app/marketplace/[id]/page.js:16:82183) {
  digest: 'NEXT_HTTP_ERROR_FALLBACK;404'
}
Missing or demo Supabase environment variables - using mock data
Missing or demo Supabase environment variables - using mock data
Error fetching vessel: {
  message: 'TypeError: fetch failed',
  details: 'TypeError: fetch failed\n' +
    '    at node:internal/deps/undici/undici:13510:13\n' +
    '    at process.processTicksAndRejections (node:internal/process/task_queues:95:5)',
  hint: '',
  code: ''
}
Error fetching vessel: {
  message: 'TypeError: fetch failed',
  details: 'TypeError: fetch failed\n' +
    '    at node:internal/deps/undici/undici:13510:13\n' +
    '    at process.processTicksAndRejections (node:internal/process/task_queues:95:5)',
  hint: '',
  code: ''
}
Error in VesselDetailPage: Error: NEXT_HTTP_ERROR_FALLBACK;404
    at n (.next/server/app/dashboard/bookings/page.js:1:6677)
    at R (.next/server/app/marketplace/[id]/page.js:16:82183) {
  digest: 'NEXT_HTTP_ERROR_FALLBACK;404'
}
Missing or demo Supabase environment variables - using mock data
Missing or demo Supabase environment variables - using mock data
Error fetching vessel: {
  message: 'TypeError: fetch failed',
  details: 'TypeError: fetch failed\n' +
    '    at node:internal/deps/undici/undici:13510:13\n' +
    '    at process.processTicksAndRejections (node:internal/process/task_queues:95:5)',
  hint: '',
  code: ''
}
Error fetching vessel: {
  message: 'TypeError: fetch failed',
  details: 'TypeError: fetch failed\n' +
    '    at node:internal/deps/undici/undici:13510:13\n' +
    '    at process.processTicksAndRejections (node:internal/process/task_queues:95:5)',
  hint: '',
  code: ''
}
Error in VesselDetailPage: Error: NEXT_HTTP_ERROR_FALLBACK;404
    at n (.next/server/app/dashboard/bookings/page.js:1:6677)
    at R (.next/server/app/marketplace/[id]/page.js:16:82183) {
  digest: 'NEXT_HTTP_ERROR_FALLBACK;404'
}
Fetching vessels for marketplace...
Fetching vessels from Supabase...
Using mock vessel data for demo
Fetched 6 vessels from database
First vessel: {
  "id": "1",
  "vessel_name": "Atlantic Pioneer",
  "vessel_type": "AHTS",
  "year_built": 2018,
  "length_overall": 85.5,
  "beam": 18,
  "passenger_capacity": 24,
  "location": "Gulf of Mexico",
  "status": "Active",
  "marketplace_visible": true,
  "daily_rate": 12500,
  "weekly_rate": 75000,
  "monthly_rate": 300000,
  "bollard_pull": 150,
  "dynamic_positioning": "DP-2",
  "deck_area": 450,
  "bhp": 8000,
  "description": "Modern AHTS vessel with advanced DP capabilities and excellent safety record.",
  "features": [
    "DP-2",
    "Fire Fighting",
    "Oil Recovery",
    "ROV Support"
  ],
  "created_at": "2024-01-15T08:00:00Z",
  "updated_at": "2024-01-15T08:00:00Z",
  "owner_id": "owner-1",
  "imo_number": "9876543",
  "mmsi_number": "123456789",
  "flag": "Marshall Islands",
  "gross_tonnage": 2500,
  "deadweight": 1800,
  "classification_society": "DNV",
  "shipyard": "Damen Shipyards",
  "main_image_url": null,
  "images": null
}
After filtering: 6 vessels
Missing or demo Supabase environment variables - using mock data
Missing or demo Supabase environment variables - using mock data
Error fetching vessel: {
  message: 'TypeError: fetch failed',
  details: 'TypeError: fetch failed\n' +
    '    at node:internal/deps/undici/undici:13510:13\n' +
    '    at process.processTicksAndRejections (node:internal/process/task_queues:95:5)',
  hint: '',
  code: ''
}
Error fetching vessel: {
  message: 'TypeError: fetch failed',
  details: 'TypeError: fetch failed\n' +
    '    at node:internal/deps/undici/undici:13510:13\n' +
    '    at process.processTicksAndRejections (node:internal/process/task_queues:95:5)',
  hint: '',
  code: ''
}
Error in VesselDetailPage: Error: NEXT_HTTP_ERROR_FALLBACK;404
    at n (.next/server/app/dashboard/bookings/page.js:1:6677)
    at R (.next/server/app/marketplace/[id]/page.js:16:82183) {
  digest: 'NEXT_HTTP_ERROR_FALLBACK;404'
}
Fetching vessels for marketplace...
Fetching vessels from Supabase...
Using mock vessel data for demo
Fetched 6 vessels from database
First vessel: {
  "id": "1",
  "vessel_name": "Atlantic Pioneer",
  "vessel_type": "AHTS",
  "year_built": 2018,
  "length_overall": 85.5,
  "beam": 18,
  "passenger_capacity": 24,
  "location": "Gulf of Mexico",
  "status": "Active",
  "marketplace_visible": true,
  "daily_rate": 12500,
  "weekly_rate": 75000,
  "monthly_rate": 300000,
  "bollard_pull": 150,
  "dynamic_positioning": "DP-2",
  "deck_area": 450,
  "bhp": 8000,
  "description": "Modern AHTS vessel with advanced DP capabilities and excellent safety record.",
  "features": [
    "DP-2",
    "Fire Fighting",
    "Oil Recovery",
    "ROV Support"
  ],
  "created_at": "2024-01-15T08:00:00Z",
  "updated_at": "2024-01-15T08:00:00Z",
  "owner_id": "owner-1",
  "imo_number": "9876543",
  "mmsi_number": "123456789",
  "flag": "Marshall Islands",
  "gross_tonnage": 2500,
  "deadweight": 1800,
  "classification_society": "DNV",
  "shipyard": "Damen Shipyards",
  "main_image_url": null,
  "images": null
}
After filtering: 6 vessels
Missing or demo Supabase environment variables - using mock data
Missing or demo Supabase environment variables - using mock data
Error fetching vessel: {
  message: 'TypeError: fetch failed',
  details: 'TypeError: fetch failed\n' +
    '    at node:internal/deps/undici/undici:13510:13\n' +
    '    at process.processTicksAndRejections (node:internal/process/task_queues:95:5)',
  hint: '',
  code: ''
}
Error fetching vessel: {
  message: 'TypeError: fetch failed',
  details: 'TypeError: fetch failed\n' +
    '    at node:internal/deps/undici/undici:13510:13\n' +
    '    at process.processTicksAndRejections (node:internal/process/task_queues:95:5)',
  hint: '',
  code: ''
}
Error in VesselDetailPage: Error: NEXT_HTTP_ERROR_FALLBACK;404
    at n (.next/server/app/dashboard/bookings/page.js:1:6677)
    at R (.next/server/app/marketplace/[id]/page.js:16:82183) {
  digest: 'NEXT_HTTP_ERROR_FALLBACK;404'
}
Fetching vessels for marketplace...
Fetching vessels from Supabase...
Using mock vessel data for demo
Fetched 6 vessels from database
First vessel: {
  "id": "1",
  "vessel_name": "Atlantic Pioneer",
  "vessel_type": "AHTS",
  "year_built": 2018,
  "length_overall": 85.5,
  "beam": 18,
  "passenger_capacity": 24,
  "location": "Gulf of Mexico",
  "status": "Active",
  "marketplace_visible": true,
  "daily_rate": 12500,
  "weekly_rate": 75000,
  "monthly_rate": 300000,
  "bollard_pull": 150,
  "dynamic_positioning": "DP-2",
  "deck_area": 450,
  "bhp": 8000,
  "description": "Modern AHTS vessel with advanced DP capabilities and excellent safety record.",
  "features": [
    "DP-2",
    "Fire Fighting",
    "Oil Recovery",
    "ROV Support"
  ],
  "created_at": "2024-01-15T08:00:00Z",
  "updated_at": "2024-01-15T08:00:00Z",
  "owner_id": "owner-1",
  "imo_number": "9876543",
  "mmsi_number": "123456789",
  "flag": "Marshall Islands",
  "gross_tonnage": 2500,
  "deadweight": 1800,
  "classification_society": "DNV",
  "shipyard": "Damen Shipyards",
  "main_image_url": null,
  "images": null
}
After filtering: 6 vessels
Fetching vessels for marketplace...
Fetching vessels from Supabase...
Using mock vessel data for demo
Fetched 6 vessels from database
First vessel: {
  "id": "1",
  "vessel_name": "Atlantic Pioneer",
  "vessel_type": "AHTS",
  "year_built": 2018,
  "length_overall": 85.5,
  "beam": 18,
  "passenger_capacity": 24,
  "location": "Gulf of Mexico",
  "status": "Active",
  "marketplace_visible": true,
  "daily_rate": 12500,
  "weekly_rate": 75000,
  "monthly_rate": 300000,
  "bollard_pull": 150,
  "dynamic_positioning": "DP-2",
  "deck_area": 450,
  "bhp": 8000,
  "description": "Modern AHTS vessel with advanced DP capabilities and excellent safety record.",
  "features": [
    "DP-2",
    "Fire Fighting",
    "Oil Recovery",
    "ROV Support"
  ],
  "created_at": "2024-01-15T08:00:00Z",
  "updated_at": "2024-01-15T08:00:00Z",
  "owner_id": "owner-1",
  "imo_number": "9876543",
  "mmsi_number": "123456789",
  "flag": "Marshall Islands",
  "gross_tonnage": 2500,
  "deadweight": 1800,
  "classification_society": "DNV",
  "shipyard": "Damen Shipyards",
  "main_image_url": null,
  "images": null
}
After filtering: 6 vessels
Missing or demo Supabase environment variables - using mock data
Missing or demo Supabase environment variables - using mock data
Error fetching vessel: {
  message: 'TypeError: fetch failed',
  details: 'TypeError: fetch failed\n' +
    '    at node:internal/deps/undici/undici:13510:13\n' +
    '    at process.processTicksAndRejections (node:internal/process/task_queues:95:5)',
  hint: '',
  code: ''
}
Error fetching vessel: {
  message: 'TypeError: fetch failed',
  details: 'TypeError: fetch failed\n' +
    '    at node:internal/deps/undici/undici:13510:13\n' +
    '    at process.processTicksAndRejections (node:internal/process/task_queues:95:5)',
  hint: '',
  code: ''
}
Error in VesselDetailPage: Error: NEXT_HTTP_ERROR_FALLBACK;404
    at n (.next/server/app/dashboard/bookings/page.js:1:6677)
    at R (.next/server/app/marketplace/[id]/page.js:16:82183) {
  digest: 'NEXT_HTTP_ERROR_FALLBACK;404'
}
Fetching vessels for marketplace...
Fetching vessels from Supabase...
Using mock vessel data for demo
Fetched 6 vessels from database
First vessel: {
  "id": "1",
  "vessel_name": "Atlantic Pioneer",
  "vessel_type": "AHTS",
  "year_built": 2018,
  "length_overall": 85.5,
  "beam": 18,
  "passenger_capacity": 24,
  "location": "Gulf of Mexico",
  "status": "Active",
  "marketplace_visible": true,
  "daily_rate": 12500,
  "weekly_rate": 75000,
  "monthly_rate": 300000,
  "bollard_pull": 150,
  "dynamic_positioning": "DP-2",
  "deck_area": 450,
  "bhp": 8000,
  "description": "Modern AHTS vessel with advanced DP capabilities and excellent safety record.",
  "features": [
    "DP-2",
    "Fire Fighting",
    "Oil Recovery",
    "ROV Support"
  ],
  "created_at": "2024-01-15T08:00:00Z",
  "updated_at": "2024-01-15T08:00:00Z",
  "owner_id": "owner-1",
  "imo_number": "9876543",
  "mmsi_number": "123456789",
  "flag": "Marshall Islands",
  "gross_tonnage": 2500,
  "deadweight": 1800,
  "classification_society": "DNV",
  "shipyard": "Damen Shipyards",
  "main_image_url": null,
  "images": null
}
After filtering: 6 vessels
Fetching vessels for marketplace...
Fetching vessels from Supabase...
Using mock vessel data for demo
Fetched 6 vessels from database
First vessel: {
  "id": "1",
  "vessel_name": "Atlantic Pioneer",
  "vessel_type": "AHTS",
  "year_built": 2018,
  "length_overall": 85.5,
  "beam": 18,
  "passenger_capacity": 24,
  "location": "Gulf of Mexico",
  "status": "Active",
  "marketplace_visible": true,
  "daily_rate": 12500,
  "weekly_rate": 75000,
  "monthly_rate": 300000,
  "bollard_pull": 150,
  "dynamic_positioning": "DP-2",
  "deck_area": 450,
  "bhp": 8000,
  "description": "Modern AHTS vessel with advanced DP capabilities and excellent safety record.",
  "features": [
    "DP-2",
    "Fire Fighting",
    "Oil Recovery",
    "ROV Support"
  ],
  "created_at": "2024-01-15T08:00:00Z",
  "updated_at": "2024-01-15T08:00:00Z",
  "owner_id": "owner-1",
  "imo_number": "9876543",
  "mmsi_number": "123456789",
  "flag": "Marshall Islands",
  "gross_tonnage": 2500,
  "deadweight": 1800,
  "classification_society": "DNV",
  "shipyard": "Damen Shipyards",
  "main_image_url": null,
  "images": null
}
After filtering: 6 vessels
Missing or demo Supabase environment variables - using mock data
Missing or demo Supabase environment variables - using mock data
Error fetching vessel: {
  message: 'TypeError: fetch failed',
  details: 'TypeError: fetch failed\n' +
    '    at node:internal/deps/undici/undici:13510:13\n' +
    '    at process.processTicksAndRejections (node:internal/process/task_queues:95:5)',
  hint: '',
  code: ''
}
Error fetching vessel: {
  message: 'TypeError: fetch failed',
  details: 'TypeError: fetch failed\n' +
    '    at node:internal/deps/undici/undici:13510:13\n' +
    '    at process.processTicksAndRejections (node:internal/process/task_queues:95:5)',
  hint: '',
  code: ''
}
Error in VesselDetailPage: Error: NEXT_HTTP_ERROR_FALLBACK;404
    at n (.next/server/app/dashboard/bookings/page.js:1:6677)
    at R (.next/server/app/marketplace/[id]/page.js:16:82183) {
  digest: 'NEXT_HTTP_ERROR_FALLBACK;404'
}
